156262
162309
159907
156264
162308
159910
178902
165629
162067
78604
80856
134382
80398
53546
68971
80857
111680
89122
85281
87979
80855
136946
44125
44127
56999
84169
112578
87684
700055
700146
86833
77829
700147
87594
88862
162672
126262
71276
92457
801580
130060
106056
109321
130271
69197
104786
83183
83904
44753
35988
130061
58010
154981
801587
166545
146861
133622
130062
130063
78067
87596
66235
501491
87595
179396
501002
127911
152483
152139
501595
182679
166964
163589
801601
9324
9840
6346
6589
4501
140653
73436
79250
79667
78737
9708
700033
6582
139457
9336
501459
6599
8848
145534
179170
171253
166961
57875
154966
159542
173897
179170
166961
8209
700666
173897
154966
159542
6856
44129
44131
76881
80460
78858
170016
178961
176251
8857
700033
8858
6522
8848
8883
90552
700035
9231
9233
9334
8981
700034
801588
8881
104402
65812
9619
9328
8885
9620
9396
9335
6831
6854
9822
6001
8323
104400
76968
76969
76971
78825
79577
79625
79803
73828
73829
501036
501039
6598
5573
3990
5339
8566
140132
83782
78824
79249
77284
146595
169490
169907
168861
8814
9040
105331
6779
9034
8274
130064
6688
86050
9014
8264
8958
8568
700165
161808
180416
69138
17741
97942
8567
140193
6561
156614
136890
178464
138600
181314
8815
700713
148022
17741
8821
8264
8815
8958
130064
700185
6487
148022
85754
700667
6559
700713
142594
9354
8695
9039
9042
9041
8375
8048
801576
90250
8582
8763
8655
9411
9236
9044
701256
8044
500572
500545
6943
8382
5699
8046
500697
700091
85353
700032
172032
130263
64707
8920
64710
6858
166966
176679
177743
174996
180273
158252
154416
181559
5709
8949
6712
172445
176630
178030
160726
6679
182556
801582
6670
4474
5971
5916
800570
8395
8886
104324
64708
64709
64711
179172
180429
173812
177632
175373
801608
500696
8590
8762
6096
500750
6304
700719
141807
8834
8919
6626
5564
8290
9957
6312
78894
49910
700186
6828
166891
134714
147923
181409
177751
181615
6625
8083
6560
9371
9045
4458
6341
700507
5325
8551
8644
701245
6694
8910
8376
801600
4727
6010
84167
8884
150162
96961
8294
5780
6108
8144
9255
701239
5964
5966
6403
8657
8358
6920
501150
44132
6669
6835
8654
8823
6967
8045
6822
6322
64712
64713
8130
8551
6520
700168
8811
8644
174989
168478
173815
176415
701245
9346
6050
6898
701234
170956
171164
129166
180049
180050
180172
177587
169906
156471
179743
153885
8357
171334
801602
133078
170954
170955
171157
171158
156558
176238
176036
152675
153486
5650
6528
8780
8657
6668
6592
6663
133717
176238
152675
176036
153486
6668
6592
6663
6706
8783
9232
6350
801597
8015
6496
500789
171334
8357
171156
130768
156753
164017
174747
153087
173808
156473
6356
6998
8899
8243
6830
9907
801607
88916
8261
8835
700187
8813
6886
6094
8241
8589
6352
5732
8213
94009
8891
8254
8748
112584
700432
5745
8751
8359
700166
801579
6496
801607
8242
6545
6555
801403
8761
169462
176211
182690
177307
152225
6491
94009
500982
501007
501015
6311
801594
801598
6655
5566
5725
8243
6783
6309
8303
112584
8760
8580
8214
8261
156713
138597
170953
171163
172072
105003
177217
154964
152672
4760
8213
6490
8911
174987
174988
174990
175141
179477
173810
182356
156441
179476
182354
182359
182364
182365
180424
6311
152225
177307
8760
500981
501064
8604
8214
112590
141810
156103
171160
171161
176685
176687
176688
177748
177841
174984
176693
173806
173807
173814
179173
156790
182357
182361
156164
142712
177997
179168
179169
179176
182363
6783
6309
177748
177997
179168
179169
179176
156164
173806
173807
173814
179173
156790
182363
182357
182361
142712
8888
119685
129000
129001
129002
126654
6724
141344
172071
169899
171155
177744
176109
176689
179175
179478
180421
180425
63430
180426
173813
173817
182352
180420
175674
117937
146582
149211
138602
159060
701237
112590
5194
5981
9318
182352
180420
175674
8070
6497
6008
701237
8010
5927
6656
8889
8072
139231
9823
5803
8215
8917
8208
117937
149211
146582
138602
159060
5194
5981
9318
801604
6521
6012
8173
172069
172073
172078
141343
176690
174983
174985
174986
177747
177750
177752
173819
163453
162175
177515
179171
179178
180422
173809
173811
173816
182355
182360
182362
182440
6691
6693
112942
9276
6308
8161
6602
6519
700509
701241
8011
6620
6489
700167
6692
8639
6804
6354
6402
6616
8133
6353
6628
8247
6894
112319
112933
700427
6790
701242
8098
801575
8081
4429
6512
8100
6789
9395
87741
180578
137001
152411
8172
91596
8640
8333
6508
8643
5160
8696
8171
6978
8603
171858
143479
146429
109429
17771
159323
6977
6307
9373
6883
135187
141346
133529
159463
161438
182512
138140
8750
700436
800980
6788
9306
500547
500564
500571
500563
500584
700556
8071
5042
501004
501154
17743
152543
119677
111665
172029
158648
165180
128999
129003
182513
8063
5925
6025
6052
4746
9966
93912
701244
149210
171884
172068
141347
177745
177749
176684
176692
176695
173818
123010
156941
156035
164351
173820
173821
179174
179177
180423
180427
180428
166555
176401
182353
182358
182366
701176
5087
8361
8588
8012
6262
6600
166957
152541
149212
181479
154057
8339
4460
8276
161949
159111
142462
159572
141576
128762
159464
138762
6604
9347
701176
5087
9154
8348
6978
137077
11748
5931
9353
8289
9256
4460
8276
8145
9306
6788
6966
8149
112330
112378
700431
112585
6574
8099
100615
166889
126339
171078
9202
8684
5617
112454
6351
6755
112443
112447
5109
6306
500749
9931
6653
5256
6791
6603
700434
112591
500906
176229
6792
9177
139911
171859
136744
152871
161893
148239
9802
6031
6502
4385
8673
8810
801577
801584
8202
701243
6495
9153
106137
179946
159462
136423
179953
170788
171238
128997
159764
138074
125265
166250
110274
128996
141562
106947
176379
78921
700171
6310
8584
97729
94011
4208
106137
179946
136423
179953
159462
170788
150720
152682
138452
141915
124335
128998
155865
176075
172446
112344
8853
97729
94011
95764
6745
8939
112943
8809
700063
8141
700064
6686
8552
9153
700058
8742
5965
700062
701254
110274
172734
172746
172758
172759
172760
172766
172767
172770
172778
172783
172787
172795
172807
5965
700062
154244
112452
177757
177819
172734
172746
172758
172759
172760
172766
172767
172770
172778
172783
172787
172795
172807
172814
172827
172828
172829
172841
172842
172853
172854
172867
172869
172879
172895
172896
172906
172907
172908
172911
172914
172916
172918
172935
172937
172940
172944
172945
172947
172948
172964
172968
172971
172981
172987
172993
173003
173004
173007
173011
173015
173029
173030
173460
173500
173515
173523
173530
173537
173543
173556
173560
173567
173571
173581
173607
173548
173550
172866
181425
176625
176628
180355
173595
173488
173525
174759
182163
182142
182156
182373
182139
172991
173506
172736
172748
172773
172785
172796
172799
172808
172812
172817
172818
700170
165310
172736
172748
172773
172785
172796
172799
172808
172812
172817
172818
172821
172825
172832
172835
172846
172852
172857
172864
172865
172873
172880
172883
172884
172887
172892
172898
172899
172902
172903
172917
172923
172930
172933
172942
172943
172951
172954
172973
172979
172980
172992
172996
172997
172999
173000
173002
173014
173022
173028
173485
173493
173503
128995
176623
176626
174545
177754
173510
173514
173524
173529
173541
173544
173545
173547
173569
173585
173610
172777
180415
173590
182148
173587
173605
173583
173603
173568
174544
182147
182150
171285
154351
182160
182143
172790
182159
182151
700090
166375
8354
6718
112318
112331
112931
113085
8898
112736
112342
112343
701248
700557
8625
801592
8341
6673
112452
112451
112586
112448
112449
5492
700144
9305
5159
9176
112592
112593
8624
5615
166374
701250
8940
6009
6011
172741
172742
172745
172749
172750
172754
172757
172781
172786
172789
172793
172802
172803
172804
172805
172811
172820
172822
172833
172836
172837
172840
172844
172849
172856
172859
172860
172861
172874
172876
172877
172878
172882
172921
172924
172925
172928
172936
172953
172961
172962
172972
172974
172977
172984
172989
172998
173001
173005
173012
173024
173025
176608
173385
173462
173468
173471
173491
173494
173497
173501
173502
173508
173517
173518
173519
173520
173522
173532
173535
173540
173546
173559
173561
173470
173490
173495
173504
173512
173528
173539
173542
173552
173555
173557
173565
173591
173609
179697
179700
173511
173553
172957
174559
164195
177759
180354
174543
173019
174542
179694
180353
172801
173604
173594
182374
171707
182141
180413
182164
700170
6979
500736
700090
112345
112586
112941
3540
5323
700658
701248
8263
26070
175104
172753
172755
172756
172763
172764
172771
172782
172784
172791
172806
172810
172816
172819
172823
172824
172831
172834
172838
172839
172847
172848
172850
172862
172871
172872
172901
172909
172910
172920
172926
172929
172938
172941
172946
172952
172956
172958
172959
172960
172969
172976
172978
172982
172988
172994
172995
173006
173009
173013
173016
172845
172851
172855
172863
172868
172888
172891
172900
172905
172915
172919
172927
172931
172934
172939
172950
172955
172963
172966
172970
172975
172983
172985
172990
173008
173021
173023
173027
173464
173466
173474
173499
173507
173509
173513
173521
173526
173534
173554
173573
173576
173578
173580
173588
173589
173593
173596
173597
173606
176629
17734
173498
173586
174539
172751
173505
179698
173582
173551
174541
180350
182372
173575
173496
174548
174558
177755
145268
180358
182144
182145
182162
172738
172885
180356
180351
180409
173487
182146
8162
8164
5281
6015
701250
501045
500989
501020
501029
501055
4608
5337
8140
172741
172742
172745
172749
172750
172754
172757
172781
172786
172789
172793
172802
172803
172804
172805
172811
172820
172822
172833
172836
172837
172840
172844
172849
172856
172859
172860
172861
172874
172876
172877
172878
172882
172921
172924
172925
172928
172936
172953
172961
172962
172972
172974
172977
172984
172989
172998
173001
173005
173012
173024
173025
173385
176608
173465
173492
176624
179695
172931
172934
172939
172950
172955
172963
172966
172970
172975
172983
172985
172990
173008
173021
173023
173027
173464
173466
173474
173499
173507
173509
173513
173521
173526
173534
173554
173573
173576
173578
173580
173588
173589
173593
173596
173597
173606
17734
173505
176629
173498
173586
174539
172751
173582
173551
179698
174541
145268
180350
182152
180352
182140
182161
173486
125313
173010
124652
124240
160751
112320
112932
801585
112732
112734
5361
8163
6028
701146
501012
501047
801586
801609
8360
109967
112321
112332
112929
112930
113087
112735
6110
5667
112728
112334
8554
173516
173527
173564
17732
177815
20866
170690
162819
174122
177758
176627
106194
106948
173017
6110
701146
801443
801944
8556
4754
6488
700070
700717
8617
5169
9818
9819
8991
500695
500698
8752
9349
6646
6793
700722
17732
177815
173516
173527
173564
170690
20866
162819
174122
176627
177758
112926
112928
8553
6751
170626
126073
146859
179949
182435
8554
8626
9448
500550
148850
132053
137368
160208
182433
146859
179949
182435
6746
8674
6817
700067
6735
112926
112928
148850
132053
137368
160208
182433
182434
178130
178133
90998
9816
700522
110304
71780
119751
128079
129825
131775
181469
168915
6302
9433
6857
5491
112335
112336
801595
801596
132244
177586
179950
179951
175103
172761
172765
172815
172881
172889
172932
172965
102683
17736
17737
173558
173577
180466
155316
8617
8075
500657
9818
9819
5169
8991
136426
6705
6922
112367
9958
106192
5572
9370
4817
102964
152164
132055
178127
179948
156932
6556
112729
112326
112333
92949
6963
9764
91605
177024
8870
500544
6336
700715
700716
5145
8807
700558
112322
112346
112347
112348
113083
701251
172762
172913
173458
173574
176622
180199
172769
181927
8125
6802
4537
5356
172843
172893
172897
172912
172986
177814
17738
17739
172886
173538
182375
172774
112325
112327
89999
8105
6315
8879
700410
5255
9757
6736
114003
8253
5232
8745
500972
500974
500994
501040
700135
7142
9058
4632
6841
500908
173031
172735
172830
172894
123013
164696
179335
158459
168262
700135
7142
5350
112365
112366
700066
6734
4779
9058
5024
8288
8757
500972
500974
500994
501040
4368
9827
9828
6645
173031
146330
155947
172391
8745
178138
178142
6841
9699
126392
46710
5511
9815
9817
141497
176894
150163
178135
178140
801395
5289
94199
132245
9369
112368
500759
8057
5704
6299
9760
6930
6615
6752
8708
178139
126052
122509
69048
180357
180191
178747
74151
172776
172870
172922
172967
17735
176697
173473
179701
165702
123419
179167
6652
8054
8706
133275
8104
5882
9062
99593
801589
178124
178131
178137
8320
5338
73438
8856
108304
4920
5261
6611
5627
9340
9762
4807
5601
112422
8708
500658
500725
6815
6942
6996
171606
106379
106487
176607
21118
173822
182137
9952
6647
700723
126052
122509
69048
178747
180191
180357
74151
28318
700065
8054
8706
6652
5114
6624
801589
30244
161189
5032
8856
8782
801583
171162
170683
180280
124462
5522
9621
9762
112422
8782
123643
9377
4579
6613
132341
126309
500937
112704
9020
126308
133357
112036
8681
112935
112936
112339
8645
6995
110430
176665
141468
142142
178136
171771
8377
9621
9075
5522
178141
8935
9383
8062
8659
700393
104388
178128
178132
113169
9083
8159
5905
700435
6614
9207
8936
9814
91200
6701
8194
57744
5094
6832
9207
9382
89998
5049
9379
91200
500983
501014
501018
501028
501038
501063
9917
182188
113169
8865
6027
9304
701083
9947
8902
6018
9101
700733
700742
112323
112324
112338
8887
180277
5208
5718
6113
8936
9814
9018
139227
180278
700134
6657
5168
5284
6629
8563
9097
9378
112937
112337
6550
8165
9717
700411
160182
125897
17742
57040
69049
179336
163515
141362
8769
5283
700425
171214
99595
176328
6948
5220
5224
114004
161691
9115
8707
6933
700143
8716
8723
6997
5748
9716
9016
8715
112379
113461
112349
112934
113084
159061
801938
170033
106380
501094
700329
700659
62074
9700
8934
700028
701156
9151
81029
6338
9712
8969
8713
9876
700027
5358
6747
500112
500184
500263
6332
4556
8880
700407
6622
6816
701166
8973
109201
8905
9943
5223
700054
8710
9260
6263
123756
8251
5221
700423
6700
9257
9199
9032
9265
5521
142059
165301
130629
124087
74467
9713
6803
74467
500112
500184
500263
6803
6868
9237
141564
119846
6700
9257
8784
9109
5019
5824
52719
170681
133271
9343
9348
112706
113432
500939
9713
181480
123510
142060
133273
64860
9426
701084
56231
8714
501741
128550
170684
120944
8400
8863
8796
5746
9213
9069
5894
5924
501582
170682
151488
500327
6667
114041
8664
9790
700611
8174
141472
135702
126447
700708
8110
6796
5196
5222
8606
9203
9472
135718
53224
8562
8607
8642
5585
700492
9254
8711
70664
500397
500438
8787
6455
700632
700707
4932
9031
4285
6909
8721
5100
113090
141469
161331
83794
8907
77857
176356
501092
29483
9425
8662
9528
700632
700707
4932
700630
8101
8909
700047
5100
76113
76115
9622
9423
9194
101013
85388
84277
91713
700022
77857
176356
9409
9401
9429
9424
8662
9528
108730
8903
9721
8830
9266
8717
9793
5886
6576
6994
140791
135771
79197
146451
500576
500656
6021
8868
9217
9701
8822
700727
9724
149315
113089
4774
9810
9811
9462
5942
9015
9117
5111
124088
171213
148935
700633
112501
53442
5324
700628
700674
9055
9821
5996
500609
500665
4795
5557
5559
8178
9751
157427
157436
104557
4311
5909
9959
8634
9114
700053
8726
9422
9238
177465
720195
9104
6500
125595
106196
112364
113088
8758
8759
128547
119777
9473
500717
4533
9218
8725
9431
81149
9405
89876
137341
8709
4979
6664
9193
9408
5789
8950
700213
720199
113197
700487
111695
88581
101035
129500
141851
133402
700399
138914
8806
119680
128760
141498
141565
141914
142138
142140
6022
8109
125388
112064
700623
720266
25964
800603
8831
5096
8385
129500
700631
701165
134428
133731
137340
8677
8826
6022
5140
6720
700728
9432
5164
5700
8175
9397
112064
700623
720266
800990
9725
500177
720201
6833
6987
5165
5166
8616
126307
148935
141850
154662
157428
157437
720197
29803
8106
9791
700244
700424
6707
9415
8786
157440
157431
700121
500667
76110
6708
9725
157440
157431
6288
5020
6795
165312
9011
9523
8720
8616
5165
5166
6833
6987
108419
90453
12025
11319
16312
15871
15876
9191
4216
4538
5139
700046
9404
8970
157428
157437
8326
5360
720267
141918
142139
142141
720208
113021
9625
9403
9406
109047
101034
159110
177464
181670
6690
9934
500058
129097
146619
800584
500604
9894
6722
179048
500613
9729
9961
800999
9196
9407
9949
6721
157426
157429
157432
180174
8968
700347
700697
4958
5163
9099
9116
5044
9410
700360
133270
500031
83336
40821
5737
2946
701162
9323
120945
801336
500701
6665
801327
133107
137398
9282
8882
9463
6623
700409
66777
8108
500701
700120
720193
122860
149320
6711
8577
9315
93582
700045
8785
500669
157426
157429
157432
180174
800108
801345
9416
95309
178783
801071
801100
8961
7162
9355
98522
55976
801606
700699
9417
135180
141920
138091
113453
153147
8825
3756
700348
153636
40821
9627
9420
800923
700044
9419
9618
801333
9313
141852
9313
9522
62
9309
9906
9355
7162
9100
700114
500930
500936
500940
9460
700327
9428
126837
83422
153147
801266
141853
9908
142224
500840
801411
500610
9419
700044
8665
8121
9875
124567
9017
9576
500606
801194
98994
801258
8900
112596
112597
83065
700661
700691
5546
8679
9521
155864
153848
160235
800936
700741
8618
8686
9628
4712
700323
700333
700702
9413
801195
124566
114027
113214
8058
73270
801190
9874
9110
9113
700689
9150
9197
800944
5267
5788
9705
800927
165311
700680
112359
801570
800966
500877
113260
500712
700695
500629
500685
500690
500702
170192
133148
8804
8328
124023
159548
141919
8790
500607
500611
500628
500686
500995
500661
114016
14969
6782
6807
9081
801261
801320
6901
15145
137880
9201
8169
700668
98716
9704
9956
129074
69313
66383
9412
6457
6905
801613
801134
113602
98479
500670
6965
8753
9344
113520
9418
11702
137365
15881
15883
15886
15887
46738
59915
18660
801364
801366
5669
123869
500628
500686
500995
500661
500670
6457
6905
801613
801134
73270
9201
114016
500625
113602
801364
98479
119678
130628
113520
801366
800947
9476
500612
150563
133360
159548
8791
9094
78975
157103
9877
801225
5786
700057
78976
113620
127991
70791
5669
800986
801428
720210
5304
105267
113603
113618
801245
9702
5665
6300
801245
9702
5665
6300
6333
8719
130547
152515
119568
181834
106370
90263
93558
175460
51500
100094
102158
65202
175882
101879
800919
84663
141987
108831
22121
87911
22122
9877
9077
6903
85377
801375
22150
22291
127655
90300
94547
9476
102148
162400
165192
97695
129966
62981
129993
130042
122112
108997
154748
155652
87911
22121
61704
108275
156781
73586
76889
112695
22150
22291
127655
9868
81035
46293
66458
165192
97695
129966
801191
62981
129993
130042
127828
58841
76665
11328
15873
15879
15889
15890
42982
19235
108997
142737
154748
155652
174178
178279
107207
51672
38769
85373
154513
110405
86525
86526
21592
66439
92552
800625
43837
113643
72320
78411
70771
89774
127650
93503
103046
106574
81505
800625
151278
800987
11667
11557
16210
15872
15874
15880
15882
15885
165198
87181
87200
22221
24707
158139
180061
180069
155744
86930
123914
127991
113613
5304
720210
173270
46308
20732
118373
70791
87304
86524
102250
105267
56560
87723
76894
118790
62472
102090
96826
109908
131302
56740
127672
52161
86142
109303
177530
55399
97595
43840
35192
36181
96693
64391
131748
174415
127648
174157
86241
43836
43839
34330
35323
30246
78459
130140
143741
110120
180477
180474
180479
180485
174411
174979
174980
180314
175900
55398
55400
167938
25318
81201
172060
181264
157148
64079
30246
130140
110120
180477
143741
180474
180479
180485
174411
174979
174980
180314
113613
167938
55398
55400
81201
25318
172060
181264
109305
97121
97596
36180
173777
76639
131747
157148
71962
82897
151198
64079
58674
154298
131919
80882
85342
144837
158597
143589
145005
149863
93860
93642
88447
56927
48901
22088
82909
180483
97300
141961
174406
174412
174420
150523
63445
63446
125039
71963
77143
66192
104802
18386
181580
108510
122112
108942
172645
72364
97095
81203
83664
55401
36111
86398
180533
152196
152201
152391
96430
46295
40741
40749
30034
79228
66550
119378
156943
157105
72161
54925
51417
40745
24774
78945
127649
130043
158620
158635
177098
155989
171683
158606
86708
86861
95820
107019
63956
96650
83808
50639
42828
166048
158610
174494
167937
100660
50641
105482
131546
176545
87048
100801
109198
105269
49974
50360
60008
95821
161824
87405
76998
87914
104139
164754
85213
154193
113643
80932
81244
167963
47617
66618
69169
120074
101882
154212
49864
51715
105388
62930
77142
120008
161538
161568
83431
102536
86866
86867
86705
86707
107018
62932
102492
57595
131160
131545
161400
100151
126740
85214
40738
102836
84978
154003
154011
154182
154214
76345
51703
50916
50884
163228
69071
61704
108275
73586
76889
156781
47017
64520
72555
117317
34764
83698
178921
179580
99572
84438
41263
181939
109194
109195
109546
125239
160505
162934
91077
100378
73282
74461
78457
81637
76680
180238
97825
179399
179400
167148
81035
66458
46293
44029
43835
164948
86560
85152
85153
84660
91440
73585
150463
104004
110118
125041
162939
53584
63858
90570
94558
44654
78621
162606
179324
179325
174349
157093
176441
159113
70663
41263
181939
86524
102250
109194
109195
109546
125239
160505
162934
73282
76680
74461
81637
78457
100378
97825
91077
180238
179399
179400
167148
109307
111745
159078
87233
175464
175475
35315
42048
22293
25317
118372
66980
77016
124662
181283
100375
181649
179401
179402
179404
99570
159113
58229
76894
87723
56560
164948
150463
110118
125041
162939
104004
90570
78621
53584
63858
94558
44654
162606
179324
179325
174349
118790
62472
119736
110115
110116
159738
104003
57928
34842
39528
25605
27569
27570
164817
118376
171427
174343
176145
179879
175479
179327
110406
61705
93450
79303
162322
153578
158719
52971
66538
102090
96826
109908
119368
159455
65599
57658
57871
119959
121206
68901
56740
129772
159391
155894
131375
126681
90492
90495
69944
91382
91383
36214
19837
118864
118865
119801
79015
73663
155575
168502
180500
181621
129480
161822
90530
93586
20268
22357
22523
26191
78009
154016
155656
154188
180080
53539
63092
59162
51768
50854
51713
41525
132004
127672
142022
111743
32425
30247
109887
40400
151083
40718
139360
179397
153417
171480
181279
110406
61705
93450
21288
180012
153117
153122
79635
165096
113626
104090
117587
110117
109304
109306
112131
112178
130190
162953
15958
17624
40401
19835
24677
118377
62070
82018
162616
112177
179320
179323
87277
110800
160270
89657
41530
84111
102558
102576
102674
102769
103025
118059
118103
118244
118555
127228
127364
124411
129578
96772
96907
86307
29780
102775
164729
163918
167570
136082
62471
87525
143787
124025
91711
72423
57213
51605
55813
106256
160875
160882
76989
74173
57226
51339
40746
153576
153840
153860
71005
85721
105091
85039
86972
87724
500841
500904
95622
152460
76900
156925
40732
66212
98975
112482
138493
57087
42857
51983
96428
125382
159555
86808
66492
96651
56553
29378
66856
51933
156877
9892
21288
153117
153122
180012
89929
173069
800935
62931
86097
165233
56607
57991
174372
165986
80880
158599
158613
158771
170213
92508
41392
125692
52738
51731
40737
94035
81013
171881
168583
104428
175477
167337
46294
70793
93158
101881
154079
111487
118525
110186
88555
88556
56404
51107
41602
83287
132766
179302
56811
84438
110800
160270
84111
88710
119998
89657
41530
53912
164785
157109
66939
168393
73281
42431
157082
66014
182007
66855
119442
801301
91156
156395
127676
103119
62097
57158
83432
83753
66457
158060
104428
175477
166763
169444
111487
118525
150682
125690
125691
59065
59143
59159
58840
50874
49894
41292
97462
94042
163308
80881
172028
159148
173105
84898
84899
164144
149035
143688
158415
159600
34942
41312
29785
29489
108323
108325
69943
100541
84936
119578
138831
109305
76639
97121
97596
173777
36180
131747
149863
143589
145005
88447
82909
93642
93860
56927
48901
22088
63445
63446
150523
141961
174406
174412
174420
180483
97300
108942
172645
72364
83664
81203
97095
55401
36111
86398
180533
152196
152201
152391
96430
124025
119378
156943
157105
72161
78945
54925
24774
51417
40745
130043
155989
127649
171683
158620
126939
126943
128449
101102
118815
140611
15536
151522
131980
100201
175917
175922
72736
85715
175482
49132
49133
44430
42288
33512
43841
30001
18512
25751
26110
23961
23962
118186
78414
82809
174482
174952
178567
182622
31306
77142
62930
105388
161538
161568
120008
83431
86705
86707
86866
86867
102536
107018
102492
131160
131545
57595
161400
124888
124923
122854
123403
118400
119206
119516
118083
120129
120182
120213
133447
102374
102423
102494
102537
102569
102914
102943
102143
175895
126740
85214
40738
84978
102836
154003
154011
154182
154214
51703
50916
50884
163228
8954
69071
72319
156012
156019
62001
90585
90670
59123
59128
29487
27568
77083
59562
100409
169429
169434
169840
156144
158339
158340
71370
62675
53285
59064
57464
41228
96791
111731
66237
70684
69090
153533
156924
167330
76907
24315
106122
158060
180065
180083
180095
100093
166763
169444
165500
170772
800967
173138
9719
155826
92938
178276
108362
173105
84898
84899
109116
143712
143832
150637
149006
158429
74284
102143
175895
51736
173101
150965
133257
134399
143159
143586
144805
102109
55011
50523
48312
35585
41143
41234
73198
73782
76156
151937
170252
136649
800967
128858
63892
57594
175556
175937
175940
175941
50841
85716
91074
35381
36014
21594
22358
79326
93451
62055
128665
92604
178563
25068
129037
174714
174717
174729
62196
81202
76516
81907
82846
46309
148919
97460
40747
22114
30035
24708
86099
64080
78947
154285
104092
108280
175871
74032
89775
171767
40743
55597
104839
46299
161519
124674
143794
71013
79057
87049
132704
167930
105252
105268
107053
50637
86562
86706
64627
105462
110600
79036
42134
97718
165487
49786
85763
49830
119206
119516
118083
118400
120129
120182
120213
133447
102374
102423
102494
102537
102569
102914
102943
166761
41117
41427
180088
182006
123487
124845
46309
50919
99992
144532
144575
132336
158568
158612
51695
51702
51710
51711
51714
49829
41265
29517
62963
87648
87649
76653
165487
83562
50917
63610
126972
158127
102119
166203
59522
58129
57679
51642
46682
46310
96867
167510
35645
42406
33511
41533
32354
25752
76698
77046
154015
177525
52020
123432
118556
178634
167619
157416
79029
156131
84631
162382
52566
92696
92697
153669
73587
143623
108512
64468
112504
112505
112507
112509
112513
112514
160057
171054
157408
97628
97717
120161
166766
106617
106654
76651
40742
81626
74373
63936
182050
801209
153967
93452
85379
58229
109307
111745
159078
87233
77016
66980
175464
175475
118372
35315
42048
22293
25317
100375
181649
124662
179401
179402
179404
181283
51751
67106
52751
107288
87195
69093
64098
79303
119736
110115
110116
159738
104003
57928
118376
164817
34842
39528
130190
162953
15958
104090
62070
82018
17624
40401
19835
24677
179320
179323
118377
162616
112177
41427
180088
182006
123487
124845
800962
134625
64780
64796
41527
79377
81419
168453
79302
180569
51158
59153
74373
86537
69092
64797
84873
32050
83486
127986
12423
126973
117535
112132
165554
132226
104539
175881
178423
94150
94623
95024
90615
91245
58117
51752
47872
47880
50377
46683
51726
34953
36098
33510
43883
25333
25366
29418
59521
178336
178564
178732
126320
174014
152695
102119
166203
167510
126972
158127
76698
77046
59522
58129
57679
96867
51642
46310
46682
35645
33511
32354
41533
42406
25752
118556
154015
177525
52020
178634
167619
123432
63983
150983
161828
161255
164264
67219
80072
82811
174345
84077
96948
40402
32160
92814
20752
158240
51751
5891
119969
64636
57211
57212
49862
29490
150913
50886
162382
100778
140257
164711
160257
47870
59490
80544
103768
104542
64468
69093
64098
801359
171054
160057
97628
97717
157408
65540
47119
173230
41407
158214
156292
59155
41268
173171
41596
136082
152900
154822
119370
146569
127988
57170
63641
59132
46307
92693
90668
178253
178254
178268
178271
43854
34288
40922
41182
41183
41215
41303
41506
41592
42164
18163
18198
22443
23680
29405
29420
29472
180243
176147
82896
87398
88404
81906
171724
171971
93555
93556
119363
175472
19277
27565
179321
179322
179326
174342
174348
175874
93763
59155
41268
41596
173171
125383
138494
137601
83432
66457
65545
57154
57193
49854
83753
71987
153875
119974
138279
106329
86288
86289
88709
81877
161995
164494
59392
19285
159000
87234
94043
122292
58867
58868
174142
40714
36213
33425
20855
20751
130141
180476
180480
180481
180486
179578
182781
104140
58164
79308
81245
154913
125702
139858
172566
76515
81504
178413
44974
89720
181257
50629
152202
152656
156811
125192
157145
149872
154764
176146
171770
85906
107016
119432
102150
94546
97296
102410
53580
53867
54590
174947
138280
173344
89989
171853
17252
102856
103563
62980
47881
105506
105744
132670
109197
47905
42455
84535
106183
87047
62615
168574
126762
164745
106330
69893
44377
40728
40739
162830
163232
101883
168600
88690
82812
82819
53319
51606
57261
66857
126680
124257
109070
155888
150617
153221
161831
175485
34690
19995
22149
30002
25367
26050
86928
91449
91078
92490
155644
181632
43834
43387
99467
64182
76188
164779
108396
62834
125385
150683
110620
120060
97187
48900
178597
43872
41578
65546
66493
80011
86868
86870
83433
83699
86396
55828
182007
66855
8954
153875
164494
59392
19285
159000
87234
94043
58867
58868
174142
36213
40714
33425
20855
20751
122292
130141
180476
180480
180481
180486
179578
182781
154913
125702
139858
172566
178413
44974
76515
81504
89720
181257
152202
152656
50629
156811
125192
157145
149872
154764
176146
85906
171770
107016
119432
102150
97296
94546
53580
53867
54590
102410
174947
17252
47881
62980
102856
103563
105506
105744
132670
109197
47905
42455
84535
106183
87047
161996
160258
88623
171880
168366
97199
77628
158631
62615
168574
53319
51606
57261
66857
88690
82812
82819
144237
64171
85443
70873
63935
69072
127676
103119
62097
57158
57263
100118
40921
34274
73090
57204
167033
182646
102694
158754
158755
158800
158809
158877
159156
159178
164727
160451
172217
88485
179756
182631
166000
126712
162833
175594
64170
81014
11667
11557
15872
15874
15880
15882
15885
16210
157345
163638
163641
64231
175020
180094
163313
160437
162005
166543
163647
163720
160193
119977
57136
96083
149278
66225
111146
66437
56006
56617
55166
51183
95819
41302
100117
53893
143094
102728
95711
83870
139535
133955
69091
167515
125385
110620
120060
150683
178597
48900
97187
43872
41578
83433
86868
86870
65546
80011
66493
55828
83699
86396
95534
124318
136658
167351
161651
128858
79326
85716
62055
63892
175556
175937
175940
175941
57594
50841
35381
36014
21594
22358
91074
93451
174714
174717
174729
128665
129037
178563
25068
92604
174671
174676
174951
182683
182684
161003
161996
160258
88623
158631
168366
97199
171880
77628
119982
134756
145175
103916
55667
55827
57996
165102
109838
77244
108397
111736
64141
168555
52567
132921
134623
120064
126559
163227
163506
162835
76188
164779
108396
64182
99467
43387
43834
62834
88074
62381
82985
81204
57683
29379
94739
69069
6850
4493
110638
57190
72321
179303
43822
57206
173113
156938
144237
112486
112692
173123
87099
79378
182066
138854
181703
166761
41117
172217
160451
88485
179756
182631
151651
135041
127696
43048
41528
20105
29552
90853
56002
66979
97886
63854
53883
67256
160459
144532
144575
132336
158568
158612
87648
87649
76653
62963
51695
51702
51710
51711
51714
49829
41265
29517
112713
801365
151275
141985
118514
55014
78409
64076
53328
35191
40340
44062
84893
179421
41526
42250
51708
51709
167242
168242
168922
12410
128447
145003
145458
118583
119375
16054
176065
40709
40715
40725
40923
35190
31757
39430
22359
30140
25365
118370
119174
119175
88036
88073
85980
82636
154183
98914
52567
160440
132852
158211
105559
40487
129516
84951
118374
69069
57114
57481
40712
160442
173183
182054
166494
160435
163504
107213
159595
64166
700325
87010
144571
143791
137600
120167
51696
78963
70697
108324
801268
93288
149660
136116
171855
163319
160092
64183
59489
178506
177776
170458
67256
160459
119433
152770
84952
17626
175865
22086
22264
24697
175404
81969
174346
174347
161246
55468
64795
50904
79379
166127
79351
801268
65249
65569
66198
62545
59130
56603
50984
51761
42947
41524
41534
41542
29542
29992
41540
65958
53250
53255
57221
57249
59126
57466
52737
52970
50982
51723
51727
51728
42177
42958
30249
29353
58339
46685
35772
79030
90818
91079
78455
66438
164446
100377
179403
141974
801365
52067
52068
79634
149670
167155
112713
77319
56004
41437
158697
79011
85238
173104
173954
93313
170914
162950
110692
17626
175865
22086
22264
24697
84952
175404
81969
174346
174347
161246
160056
84423
50904
55468
64795
79351
166127
79379
150537
173228
134625
145456
143865
179926
119281
49746
59131
34200
30182
62935
118953
120158
55010
79426
154914
151936
173449
500794
51640
51730
57172
45452
34167
41206
41513
41597
29464
29474
69172
73135
59138
162380
158914
800797
150596
126682
164266
94562
62069
174341
51826
51827
50648
40719
31695
76901
20363
61653
78963
108324
160442
57114
57481
40712
173183
182054
166494
160435
80547
170214
168581
164720
50885
51712
166991
167083
153000
150584
159603
79109
77435
59637
41354
53891
153804
142444
172041
159595
500794
120100
76990
66254
84788
84789
85149
59161
51571
40748
128517
87010
800797
93288
149660
179805
175091
172153
174620
136116
58117
47872
47880
51726
51752
50377
46683
34953
36098
33510
43883
25333
25366
29418
174014
126320
178564
178732
178336
152695
163524
154083
164362
56942
163309
155982
181721
175069
175944
181164
801296
801334
140257
164711
160257
100778
80544
59490
47870
103768
104542
143867
106573
96652
57956
58338
88692
97832
77434
42396
139282
153000
168581
166991
164720
50885
51712
167083
47119
173230
134082
55453
181955
92509
178613
160489
65542
167095
120100
59161
51571
76990
66254
85149
84788
84789
40748
128517
65540
59492
165990
50905
166131
123488
66854
182630
87588
152991
800887
150679
118532
118534
145739
127679
127709
102115
101101
57885
38709
82470
82519
88859
77357
63903
136795
172042
137552
163862
118267
84143
152473
51984
123990
141988
132224
161352
163682
104540
85979
175466
175489
178435
57022
51685
55897
17621
59136
59148
59154
40708
34841
31984
32161
32162
42161
20104
21287
22918
23960
179438
179452
54927
65959
65960
69255
62177
81200
84609
91381
126321
117821
50905
165990
66854
166131
123488
182630
119431
171848
171850
157278
160430
100095
69413
56005
57150
163386
182035
178679
167618
181934
177770
177781
177862
181155
130575
111147
64063
82910
49868
57205
43079
18109
150564
6443
135080
142401
130450
164362
163309
56942
155982
181721
175069
175944
181164
173149
155803
64038
84204
51705
161936
166396
182646
118389
63869
17174
170408
140096
104372
101695
76671
81624
72810
118187
119443
88035
84357
53582
175828
175920
175924
175936
175938
174181
22054
25753
174710
174712
128962
178565
174516
174628
174688
174689
181280
94105
123990
141988
132224
163682
161352
104540
17621
59136
59148
59154
178435
57022
51685
175466
175489
40708
34841
31984
32161
32162
42161
20104
21287
22918
23960
85979
65959
65960
62177
54927
55897
81200
69255
84609
91381
179438
179452
178574
178633
142978
152769
126321
176768
500666
500694
160489
65542
167095
166000
126712
162833
175594
50883
44130
40711
42790
53819
128660
167004
66948
87588
152991
128662
135396
103956
100457
65780
62303
96135
84758
87105
90996
57133
54941
50537
43857
78952
85645
172609
182387
182389
127633
127651
63906
130371
156010
58141
21364
104254
94665
128205
109938
79049
64071
86414
62676
50021
47043
34020
29476
127712
58670
150679
145739
102115
118532
118534
127679
127709
101101
82470
82519
77357
18444
27564
30040
30041
180239
175863
167078
129861
177671
182534
182537
182538
120193
118294
140396
130575
111147
49868
57205
43079
18109
64063
82910
150564
73608
157345
163638
163641
64231
163313
180094
175020
162005
160437
163370
163371
800969
66225
69091
167515
95534
801356
173149
130450
122993
122994
130444
150612
138278
163233
175591
50887
55854
40730
61559
97766
171805
162183
157308
99355
97776
178609
72975
66971
82017
160429
111727
176756
173283
166529
175080
178608
161935
140096
170408
17174
104372
101695
53582
175828
175920
175924
175936
175938
174181
76671
22054
25753
118187
119443
81624
72810
88035
84357
128962
178565
174710
174712
174516
174628
70553
177316
177737
97510
175902
175831
118862
148903
159190
159334
136057
113623
113624
801230
151518
119168
119346
132234
142974
117774
111001
111326
128450
129960
104250
104251
100092
100142
179056
179439
85999
65562
79206
81071
99344
96309
91073
178234
51108
44652
43820
35434
34057
32391
33152
18161
24833
178425
181889
181890
56111
56615
17680
57748
41137
41138
35774
34303
41314
41535
42253
22442
25876
29373
29975
30003
23681
87810
88573
63680
65781
79043
79053
78722
86934
84912
90077
91036
175435
177311
177315
175445
179157
99345
182539
182540
182553
182554
182594
119982
134756
145175
103916
77244
55667
55827
57996
109838
165102
108397
168555
111736
64141
142452
103957
119211
118522
145765
130553
50902
90261
91119
83691
87754
78405
63904
119735
119824
156867
164357
56974
58027
95710
99651
78979
76891
180071
173063
181977
182018
113586
150993
151464
152398
156433
141977
164020
166451
149870
159350
159354
169350
142418
168943
137598
163645
91160
91161
91308
177993
84951
40487
129516
118374
65719
53256
53590
56610
57203
57239
55442
59121
59134
59146
58166
52525
49867
49870
51722
41166
41213
41226
41237
41255
41300
41544
41641
42235
33785
34024
32474
29484
29606
29609
68956
58776
59984
66197
66617
93302
41084
98914
12500
125012
125756
12369
121527
16386
16041
104541
65698
78759
87806
87856
76240
74301
173311
175448
175438
181616
56000
167628
177304
87099
181703
79378
182066
138854
124316
119988
120110
139536
139593
156728
156733
156734
156739
159724
159289
133156
154620
154743
171660
157166
88515
168713
158812
135041
129758
41078
41344
66030
150573
150601
149180
138870
139404
118524
87647
44687
132387
168720
87100
87455
119285
59602
34036
34046
34331
41184
41229
31298
179927
170246
150555
49657
154976
112806
171855
163319
160092
64183
59489
178506
177776
170458
169350
142418
113216
137598
163645
91160
91161
91308
173235
177993
173084
52701
173133
800952
165092
112274
160431
163352
63911
94189
74020
74347
176924
174570
99468
58676
86975
64138
103561
64467
145253
158152
151853
150593
159981
59638
153951
91121
162469
44686
800945
161047
801379
59144
51365
51744
49838
46170
33889
41543
41643
42227
29413
29493
29603
62025
51754
93302
152064
144060
142382
173172
160423
162521
152725
155808
56003
182061
152731
133140
133203
132387
168720
87100
143086
156735
156738
133158
157163
137363
154744
155621
168709
151464
150993
152398
156433
141977
166451
164020
149870
159350
159354
122474
154896
155755
157052
161911
69511
112594
137333
12373
83846
166371
63915
178277
151986
160056
84423
159931
17183
180567
105522
105560
144599
145199
140263
118744
158195
58676
99468
129517
129518
86975
103561
64138
159724
156728
156733
156734
156739
159289
133156
154620
154743
157166
171660
168713
88515
165553
83617
156873
157044
177497
152876
123781
129758
41078
41344
12312
160332
160405
103527
81339
109642
168577
70328
142412
137331
69172
73135
51640
51730
57172
45452
34167
41206
41513
41597
29464
29474
59138
161819
168941
63841
84441
150733
154320
136498
136736
136740
142387
158906
158907
166794
168309
171641
166947
153553
167607
166533
166537
143575
152237
147908
177405
159370
141973
140196
93271
9520
6494
170232
166418
154922
152990
169636
17183
180567
170901
143085
155217
156727
159025
133157
157165
157168
157226
171651
51089
59393
41239
41258
31624
29432
29469
29538
62116
65026
113160
500839
166183
120029
161827
159165
157046
158920
93342
141453
170298
167600
155151
155698
700079
700082
137334
155377
151816
150657
161785
161787
171487
141997
149867
153416
158919
146248
155910
41068
12494
126940
126941
131976
161396
146634
165555
166112
168163
112179
101786
97910
96824
93950
53583
59028
59493
62090
53291
51524
51684
49935
50039
57194
57218
57492
48212
46252
41198
42160
31780
29475
29955
29977
141106
81070
55895
63152
72737
126319
55999
153418
177494
178571
109910
180499
152649
152690
152960
169515
140390
140397
170909
164710
126057
160266
63848
94501
125052
130527
112239
91536
83409
88794
53399
169467
159045
139619
89961
175021
160443
163372
162002
801308
59393
51089
41239
41258
31624
29432
29469
29538
62116
65026
83616
164778
175974
19424
180149
150733
154320
136498
136736
136740
142387
166794
158906
158907
168309
171641
166947
153553
167607
151816
150657
171487
141997
149867
153416
158919
146248
93271
62635
112015
150515
135078
170911
9562
125052
130527
112239
53399
46291
40342
41362
41365
21683
88794
91536
83409
72317
72318
69254
70244
94920
42358
162007
162241
131214
125630
143032
162232
144555
77960
165099
157280
157301
157343
57115
173233
181996
182051
178678
167650
172543
168507
53649
167600
155151
155698
129332
111324
102519
106525
76905
157278
160430
100095
56005
57150
163386
177862
69413
181155
181934
182035
178679
167618
177770
177781
175021
160443
163372
89961
162002
800898
800899
63869
140392
164778
175974
19424
180149
166785
166795
143077
155700
155974
155983
171645
166946
150542
153552
155803
64038
84204
51705
161936
166396
135909
143276
143365
143366
158811
164939
168138
177699
165458
165468
165111
167152
136496
150586
93294
108482
113623
113624
62635
169291
162520
158913
63881
165564
159327
159340
172429
152781
181918
41283
41331
128662
135396
103956
100457
62303
65780
84758
87105
90996
78952
96135
54941
57133
50537
43857
172609
63906
85645
127651
182387
182389
127633
129332
102519
111324
106525
176202
87457
96312
94499
59122
59135
178272
175420
175480
49826
57250
57298
46269
46306
47117
50644
45107
43859
36097
40998
41537
33153
33164
39370
36860
76905
18500
23682
29440
29458
29486
25315
55715
77699
64431
88405
90669
64697
175483
56001
177529
179165
93149
177672
182532
182536
182623
93161
152778
119871
83713
149669
158803
168938
169289
65938
77298
167128
181753
138491
163507
163640
16295
17171
86347
96078
173192
160425
171863
160441
100122
163316
160446
160434
175074
168520
182000
141014
127637
119347
129520
15426
132331
178239
71516
70553
63916
62405
65238
86937
91157
66705
96313
54926
179308
51866
50636
50645
35586
801314
155219
163382
171819
76897
80565
59752
50633
176926
173139
119871
83713
158812
135909
143276
143365
143366
168138
164939
158811
177699
165458
165468
136496
167152
165111
150586
118128
154899
15629
128448
127623
127630
127716
126453
129958
129992
145008
131719
102535
178233
87806
87856
78759
76240
74301
63293
65698
175878
57678
63852
127658
128854
105368
105369
110804
111264
133762
135397
104456
102149
56326
57569
99336
80878
160279
161238
63905
57760
182120
155834
139174
162387
166253
69882
72698
171494
163002
152734
181495
168953
176953
155200
176970
144761
145108
118552
57356
41405
79040
80879
77194
72238
65796
118375
109905
103805
117470
154612
102189
151853
150593
159981
59638
91121
153951
162469
63939
152833
51690
100091
78923
40814
166394
166357
44686
65938
77298
167128
105020
94939
800132
165274
127658
128854
105368
105369
110804
111264
133762
135397
104456
102149
57569
99336
56326
80878
182120
57760
63905
160279
161238
62025
59144
51365
51744
49838
46170
33889
41543
41643
42227
29413
29493
29603
51754
500684
500687
91665
802004
155796
151654
167544
172433
128520
156813
94036
139173
162388
163005
166478
171423
179721
181584
133749
67223
52702
51641
49828
49845
49921
51159
42243
29370
29371
29419
29463
59152
118527
130548
130568
64027
99346
81664
84938
78994
181579
161052
156595
150672
158925
171486
168897
172475
142722
158814
76696
150605
118541
127878
71389
63852
83537
181862
131523
131524
103628
79276
77078
56028
78458
76234
57101
129865
162244
159175
126759
126087
123486
104865
14213
102187
100455
100456
179457
177303
177308
179058
179307
176682
57822
178235
50447
46292
94545
32018
38661
22068
22444
29974
170390
170411
170635
170641
170649
170685
152106
168937
163805
165673
162325
162328
152199
155048
164304
182107
155219
15440
108996
118745
119372
121606
104170
117781
117783
111774
112245
126489
144992
141944
123647
124137
12455
12458
124847
12488
12489
122713
122737
12315
108329
16144
15701
103685
104987
100346
17172
17175
60058
175410
146631
56278
63907
160445
180077
175073
178286
160578
175018
108868
164940
134613
144512
142416
153462
148988
148990
139192
139288
138031
135772
133477
161815
161816
158189
162639
157092
158138
160635
159596
64158
163431
166486
170274
170283
170645
154862
152056
168905
153524
135688
167620
172039
142430
151619
177500
153027
170232
166418
154922
181617
178438
178440
801314
802004
164940
94728
112274
160431
163352
176924
63911
80009
74347
94189
59468
174570
180564
74020
182065
166495
173340
176898
160447
171216
109633
178545
164631
165100
171825
173853
173112
76237
92510
179798
182455
182628
177500
153027
164473
64165
64201
143086
156735
156738
133158
137363
154744
155621
157163
84466
81728
85249
175861
50631
51110
35180
42216
42312
39599
40609
40901
33377
33830
31617
32355
33250
37484
18147
18469
19836
19988
22292
20480
20857
21637
25319
28353
28363
26951
24010
93039
76399
76749
70602
78922
76896
179410
176541
95625
149709
159049
800917
153007
135915
139283
139294
144511
143097
164847
166688
161682
161985
160637
162650
160030
157086
157098
159612
65172
163805
165673
152199
162325
162328
154909
155023
152106
166482
166483
166485
170282
170390
170411
170635
170641
170649
170685
168937
155048
164304
166183
120029
161827
159165
157046
158920
111776
150508
173068
178815
176921
176932
104622
99652
176934
182657
98414
93342
15440
42243
67223
29370
29371
29419
29463
59152
125043
125049
125123
125193
125195
125197
125198
164707
97010
171039
96595
168458
168567
167001
12312
160405
160332
103527
81339
168577
109642
155796
151654
165193
150550
133749
156595
150672
158925
168897
171486
172475
142722
161052
131523
131524
103628
57101
79276
76234
77078
129865
78458
52491
96756
180241
48211
50473
51155
51867
49748
44666
44105
35945
36380
33528
31754
39307
39432
39529
19829
20858
27836
29301
25479
26189
25334
34384
94912
176748
175932
92694
17187
180419
129862
181617
178438
178440
147013
153915
148985
139465
138805
138807
162642
162664
163260
177278
135235
145243
158264
158266
152447
173692
173217
154947
154944
152930
137334
155377
161034
161785
161787
155910
59854
63279
52163
52632
59053
59120
59141
59145
44398
47795
57177
57198
57231
49869
49929
34359
34765
41284
29425
29485
29514
29519
29555
65785
64865
51753
47107
76111
25586
165100
171825
76237
173112
173853
92510
182455
182628
179798
802019
164710
126057
160266
63848
94501
163686
800913
148981
135685
139464
135086
138171
162641
162667
159650
104270
93439
144559
134063
182125
171404
173690
152779
63957
41068
165232
94572
93589
106455
125042
125046
125121
125196
168430
164739
164750
164751
164775
170600
85712
48231
166997
125975
164731
168563
174621
99650
181167
74485
181851
174049
174146
142430
41069
41332
164877
155950
150656
153011
139287
136735
137667
135768
161223
161796
160621
158234
159613
159622
83564
83676
166484
166490
170633
170021
162326
162327
162329
155075
168254
153764
132073
155976
154324
150604
156806
158918
168169
167169
83616
17168
104493
117320
127830
14240
144988
130749
112261
128658
130383
16296
159288
102350
180240
176203
17627
176654
52497
58586
175980
51154
56743
57081
50037
49745
46684
94315
34465
19833
20237
20367
18389
28245
28246
25610
26903
24009
171722
111994
97488
78909
78943
79022
79425
62755
61603
65207
71189
87046
87305
87306
91805
88558
76241
178429
94910
181622
182775
127790
106603
49835
49837
46169
45132
45401
44056
41146
41169
41197
41203
41217
41231
41260
41282
34431
34779
31769
33194
41493
42200
31452
29351
29391
29398
29407
29465
29533
29573
29582
29605
49859
57166
62674
65908
53312
53354
53591
53868
61641
62198
64614
55716
55830
57176
57199
57215
57224
57266
57267
59237
51746
51759
48429
49847
49871
49879
49909
49920
49934
45622
46217
51111
51687
51691
34740
41122
41293
41469
41470
41476
41489
41545
41573
34207
34429
43349
29400
29551
29576
29598
29957
59384
59445
59855
66301
64907
164307
172642
166785
166795
155700
155974
155983
143077
171645
166946
150542
153552
157347
100022
125128
125199
163314
160260
103044
103629
46282
96973
117771
117772
160021
174389
163676
53650
132701
158215
160228
147015
168012
168026
168029
159034
159038
171661
150525
150651
151068
149793
151694
138811
139041
145408
145541
142449
141035
162640
163988
164001
164065
164067
164106
164866
52749
167936
171401
165475
180294
151723
151656
151818
144548
144550
142409
152778
127790
106603
162399
168938
169289
143579
143158
141995
150972
151273
151805
152735
152921
162772
175029
181126
155973
90396
105538
158873
78925
91319
181871
152711
153014
155932
81159
181974
181942
151803
152113
144795
146632
141952
159174
159188
163078
177821
95761
158757
158774
158777
158795
158807
158842
159186
175376
176057
158870
176959
172168
176710
99347
57023
82494
64163
175096
182071
178604
182040
175011
175015
174974
174976
161945
162556
83677
81076
110803
96147
151935
53315
177546
52710
52990
57587
51364
51697
51747
51758
57225
50822
48752
49834
49914
49923
45385
45453
33888
34844
43621
41132
41181
41185
41223
41243
41261
41285
41325
41495
41505
41587
42303
31111
29408
29429
29449
29488
29496
63153
63345
55746
56035
61658
66781
66956
134561
155723
163867
53820
17366
83947
167012
168438
152920
166353
164307
172642
91120
102190
117469
154762
15409
131745
131977
79682
27833
143812
176517
169288
118298
112081
34366
174373
94433
83621
155193
119807
135039
144417
146095
140407
152440
152581
148017
165471
165472
164853
168778
168790
168831
169706
170312
170354
139006
138447
133943
134028
134029
158947
158062
158178
160022
163981
164055
164101
137897
135247
181662
140398
154255
164843
166328
155756
154077
158395
154023
156106
158120
132700
180539
178690
168904
168920
168935
172542
170513
155812
144418
144548
144550
142409
25586
76111
158873
91319
78925
181871
169521
141996
140636
147715
153420
151267
151269
152456
147899
159735
150533
127636
127641
126030
126088
12401
130747
131979
144991
141979
14736
102349
111325
93118
99340
94561
94897
180327
57677
175474
175872
52495
179474
51432
49749
44605
36160
40729
154612
102189
103769
79683
87064
29357
131070
112694
151694
149793
150525
150651
151068
139041
138811
141035
145408
145541
142449
164866
165475
171401
167936
163988
164001
162640
164065
164067
164106
52749
180294
158132
156109
151723
166199
135089
151656
151818
182385
181581
152348
154306
152577
152602
166273
158736
158912
181913
117901
180136
175525
146944
107143
77217
52690
73397
65566
51630
95798
42176
113160
81752
93185
119546
119649
118169
124387
123340
134311
135580
136074
161392
102534
102538
102870
103026
181508
83621
83622
148761
149687
151206
155209
133284
133784
139383
134666
138844
138849
144395
146952
146955
168830
168844
168924
166597
159653
158634
135068
175376
151095
147808
147837
133947
134031
134032
163291
163930
162654
160073
161619
164959
166200
167947
151758
152272
154024
181503
165304
158923
182507
181909
170750
152580
178929
166280
166283
148966
94758
168308
112595
164860
165149
165165
168845
143646
144381
144397
144406
144413
142003
142007
146540
146953
153777
151290
150852
152449
138565
138566
163875
176508
177719
165462
801207
134561
167336
130253
53647
57148
91120
94728
77013
801017
112081
118298
34366
174373
152055
106926
119734
130001
167231
112273
118288
121379
119956
120194
79026
69493
94188
94190
177909
172184
168436
176939
176677
178535
98476
98481
98483
98484
145363
93170
150533
181661
155004
168047
168131
168704
161897
163672
163709
163878
181777
142397
152863
153832
146547
143080
139173
162388
163005
166478
179721
171423
181584
110763
128628
179828
95316
159175
103317
158779
130257
151878
91159
139453
130548
130568
118527
64027
78994
81664
99346
84938
181579
6529
720005
801376
96032
41173
77013
119979
167929
801337
152472
152561
155801
163427
164097
159134
171632
50909
168175
168301
179289
158433
158570
158609
170223
177880
181256
181401
181500
181665
151991
152061
168889
154067
154647
152914
152942
153577
153597
153783
182670
181902
153462
148988
148990
134613
144512
142416
139192
139288
138031
133477
135772
161815
161816
157092
160635
158138
158189
162639
159596
64158
154862
163431
133386
135775
163672
163709
163878
161897
142397
146547
143080
152863
153832
181777
801074
801326
155134
155878
155934
156130
139176
161362
181402
175157
152761
154708
176966
168890
181591
181663
166198
150530
130535
102692
87336
78502
76700
81290
72454
43168
57761
42470
145198
151878
148966
168308
94758
98250
104776
142035
129753
129754
58224
41083
41295
155793
155804
155856
152835
162764
41173
14214
89723
29359
165234
159748
174049
174146
154861
95316
153782
168248
166603
172510
158601
157392
160499
163426
164002
164064
83683
167773
176041
181259
161158
182121
143796
170497
158638
158619
157188
176961
158621
181582
179593
6805
700080
155190
155765
63986
158593
158216
139616
90759
125247
125249
120188
58115
17590
166878
166885
90493
90500
164877
155950
153011
150656
139287
135768
136735
137667
161796
160621
161223
158234
159613
159622
83564
83676
168254
162326
162327
162329
155075
166484
166490
170633
153764
170021
49852
44934
153009
155814
72854
85494
800843
800989
149675
154307
155696
155988
155995
40901
33377
33830
42216
42312
39599
31617
32355
33250
37484
19836
19988
20480
18147
18469
20857
21637
22292
25319
26951
28353
28363
24010
89072
176541
179410
132091
106186
51637
50897
50983
44311
41418
68950
63368
65784
70632
74463
83330
159565
103526
57931
79283
76292
76293
77079
24320
63851
64044
167236
168596
169411
155933
164309
164426
164547
166473
69883
181403
175963
178926
176965
177057
169470
168902
168942
64135
800843
171040
127618
150571
163861
85248
97877
52488
62833
81539
79108
79282
80508
76699
97509
165232
94572
800989
177709
800558
800998
133348
123749
94006
176412
155980
129753
129754
58224
41083
41295
151714
179914
152914
152942
153577
153597
153783
182670
181902
120156
124315
119993
800558
800998
169282
173232
162707
162715
177849
43085
181711
180126
180121
173107
177688
181997
182447
146940
173096
161019
65922
63843
64162
94007
88677
84191
57855
173855
173858
41032
83285
77145
178554
121586
174430
173111
181147
173144
181709
179765
171538
150665
148983
140749
142002
162656
159669
178412
159118
157089
73939
165130
152179
152955
173691
152627
152926
100908
98980
159990
801252
175552
155902
169411
155933
164309
164426
164547
166473
69883
168902
168942
169470
175963
178926
176965
177057
181403
171836
160426
73451
74321
178515
45131
19286
176345
176923
177674
178532
179775
108402
155697
58509
40705
35617
35946
43170
31756
32429
33154
33249
42163
38874
39431
31160
18160
18239
18471
20207
21636
27835
28168
25404
25604
25611
28354
24363
24948
25067
181573
55727
63411
64767
71010
71017
79021
79031
79035
79329
79596
80159
81727
89073
90114
74303
109428
94557
179409
179411
177663
176749
93504
111145
125445
106334
155190
155765
158593
63986
158216
139616
181465
158793
158794
158804
158813
158924
160190
161729
162607
162692
64228
76238
180563
182047
143883
118354
59520
87591
87650
12364
149659
151066
151105
148984
162668
159646
159649
63887
154942
167102
159108
159119
134261
152185
152351
152353
137705
177085
170221
168285
166187
154921
160512
133348
123749
176412
94006
155980
500675
500688
500689
500905
110803
96147
151935
162381
122712
122842
122843
124232
124233
124664
129396
129145
140612
121173
112246
15534
153166
132031
179437
179475
63411
176256
51995
52628
58509
53246
47044
57053
57311
85704
93094
40705
43170
35617
35946
31756
32429
33154
33249
42163
38874
39431
31160
18160
18239
18471
20207
21636
27835
28168
28354
25404
25604
25611
24363
24948
25067
175862
71877
55727
55881
64767
81727
71010
71017
79021
79031
79035
79329
79596
80159
90114
89073
74303
181573
109428
106334
125445
177663
94557
179409
179411
111145
176749
93504
110258
162607
162692
64228
76238
182047
180563
113042
12364
149659
151066
151105
148984
162668
159646
159649
63887
152185
137705
167102
154942
177085
152351
152353
159108
159119
134261
90991
102541
97317
167349
151062
125023
162133
168616
94433
163989
96139
150876
176952
180296
176969
136279
66781
66956
61658
52710
52990
63153
63345
56035
57587
55746
51364
51697
51747
51758
57225
50822
48752
49834
49914
49923
45385
45453
33888
34844
43621
41132
41181
41185
41223
41243
41261
41285
41325
41495
41505
41587
42303
31111
29408
29429
29449
29488
29496
130145
134080
158575
163385
167232
87721
40740
71243
181854
173279
182700
113617
104494
95650
9076
700734
65939
65024
148276
148304
143883
150300
150468
154309
155464
155968
155971
139811
139919
135776
135914
76674
165467
167604
167569
153835
101042
42989
176510
177054
157083
83614
801267
6529
720005
83611
164760
164783
125033
125036
125037
125040
125047
125117
125125
112258
97009
63890
125976
169521
153420
152456
147899
151267
151269
141996
140636
147715
170312
170354
138447
139006
133943
134028
134029
164055
164101
158947
163981
158062
158178
160022
137897
156106
158120
140398
158395
132700
154023
155756
178690
154077
180539
135247
154255
181662
172542
172547
152600
168904
168920
168935
164843
166326
166328
119978
135905
168712
168014
168025
178695
154921
160512
152446
149444
144386
144416
144422
157894
157895
137624
143805
177444
151998
151989
72261
153190
125284
64015
83666
165488
166417
168289
167952
12332
162694
78936
46834
18387
181225
163310
163387
62923
106602
95453
145181
110546
105721
64232
87528
41957
118199
118303
151856
152003
149666
148982
133026
133483
135876
138387
145503
142025
142399
147140
147142
173309
173319
51717
51756
46013
49757
56606
58679
59149
58143
41162
33886
42816
32078
33380
41202
41240
41264
41483
41519
41560
41571
41581
31674
29372
29374
29491
29522
29536
29558
29602
61695
62060
62960
56033
56601
57431
41967
65025
9068
176043
176044
162381
151732
129381
102855
109598
131070
117901
180136
175525
15427
51683
51698
51717
51756
49757
46013
41162
41202
42816
33886
32078
33380
41240
41264
41483
41519
41560
41571
41581
31674
29372
29374
29491
29522
29536
29558
29602
61695
62060
56606
65025
57431
56033
56601
41967
168784
168833
168838
168843
168847
165469
118391
147808
147837
150615
151095
133947
134031
134032
162654
96150
106095
93179
94729
104531
65939
65024
148276
148304
150628
150895
151994
153452
152645
118163
118165
14625
162927
161744
158150
159336
171533
177101
168541
168921
177725
76658
155800
161237
173214
173221
172644
177807
158447
182128
177484
166190
150726
150731
150737
151073
176646
182384
182392
93178
167925
12319
162127
63914
173774
154135
179116
176930
158805
158808
128628
110763
179828
127665
108989
12475
155703
150456
150587
165227
168446
169514
162240
159162
103240
105524
105562
102105
71009
63662
63883
63885
94540
57013
58053
47026
76654
70245
77895
166796
111364
160411
182394
166352
103317
158779
112880
93179
94729
104531
91159
139453
131553
120117
83613
140379
93293
6805
700080
119981
104495
12501
160457
160422
58085
18388
64056
55635
90387
90186
801353
107116
119963
123501
41452
155930
155662
156185
164842
165134
170303
173042
173314
173321
142643
144376
144412
144557
139772
140587
149663
150117
151142
152552
152975
148114
148118
148120
148569
149028
138142
138144
133484
139293
136038
135684
133024
163694
162913
161967
157455
157313
157346
174256
155211
89070
89773
155365
106786
173452
154048
176963
176967
136475
135773
144280
165115
165158
171968
153190
125284
64015
83666
165488
166417
165147
168787
168835
168850
168923
170404
170414
171023
165460
165473
141036
145044
143040
146810
147838
147868
118321
120181
139621
135043
135071
160503
160509
160515
162638
165429
48400
173435
171408
166256
154312
154420
154421
162571
163290
151655
134360
152589
152599
168892
168933
168950
173215
180142
166290
166281
166275
800930
62923
168842
168846
170350
171429
141260
145077
145049
141812
142009
146536
146951
151140
151276
139178
139284
138178
138556
138845
133023
133027
133125
168541
171533
161744
162927
158150
159336
76658
177725
168921
177101
155800
161237
177484
172644
177807
173214
173221
182128
158447
150726
150731
150737
151073
166190
176646
182384
182392
12501
160457
58085
18388
64056
160422
55635
90387
110093
144586
163996
90757
107116
83723
113611
802026
91249
98626
98929
133763
101293
165147
168787
168835
168850
170404
170414
171023
165460
165473
168923
141036
145044
143040
146810
118321
120181
147838
147868
139621
135043
135071
160503
160509
160515
162638
173435
48400
165429
168892
168933
168950
173215
166256
171408
154312
154420
154421
134360
152589
152599
162571
163290
151655
180142
166290
166275
166281
151742
16384
159635
17176
177697
181499
181594
84469
79738
90759
112880
12340
127697
160333
110607
97874
66853
81506
81632
84420
64748
158192
181919
800112
124024
150736
108369
99230
63870
155362
109388
111734
112026
106651
17166
54601
35181
26190
73678
79275
109635
109638
44934
49852
153009
113953
166255
166304
119112
14697
153244
156275
151707
151939
152642
177058
180313
151513
119373
12346
12365
127646
127032
124136
130185
131981
16361
159166
15960
17129
128849
129265
144999
140086
104566
109837
117467
103407
76400
81158
81633
80507
79032
63946
70163
65004
86719
86745
86910
96310
94316
94538
74458
121502
125806
65905
91872
90299
85496
85973
175399
60076
50038
46735
51109
176961
143627
83618
155159
148989
135913
139194
134361
134612
134614
160624
160634
161367
16244
162636
90497
152118
154891
150554
163430
165657
72854
85494
91663
83723
112694
51596
41453
41642
64142
76500
151513
119373
12346
12365
127646
127032
124136
130185
131981
16361
159166
15960
128849
129265
144999
140086
17129
109837
117467
104566
103407
86719
86745
86910
96310
94316
94538
60076
175399
50038
46735
51109
35179
43821
35970
40439
32428
31618
79032
121502
175864
76400
125806
21363
18238
19423
20398
29773
29956
24896
25328
27837
28201
70489
81158
81633
80507
74458
70163
63946
85496
85973
91872
90299
65004
65905
176320
125446
176751
18661
140466
109673
135228
147570
120983
123968
123553
55483
55485
87862
153016
143853
123826
109389
109390
125035
125840
125842
125972
122333
100981
111732
112260
103041
103042
43845
76902
110113
118354
87591
87650
59520
84469
79738
168285
166187
166254
170221
172608
152554
152011
150877
160381
178113
83682
158624
181404
177728
182116
182390
157388
168903
182495
182672
182744
152963
105408
119968
91656
801619
153013
172652
109388
111734
112026
17166
106651
73678
54601
79275
35181
26190
109635
109638
76903
73072
55016
51596
41453
41642
64142
76500
63626
162242
106184
155202
15631
146946
77626
63871
63900
57012
83695
173204
171228
181133
182026
81642
154100
170591
164704
111000
112176
103958
38870
25329
168572
166992
125967
125977
100539
152077
153371
153873
152097
152263
152925
148876
138073
138384
139381
136111
134064
137665
137666
109622
146093
146550
146815
144390
141454
142400
142453
140747
141125
141126
141127
139920
126170
162165
161355
164861
96870
169961
41396
135243
64104
155155
161943
155090
159727
134103
139335
139376
156788
150388
150393
177408
162634
168848
166282
150759
150790
150815
173925
800897
168284
166691
154089
59751
158636
158221
181498
173201
152156
154766
153621
181908
136659
182383
168901
181739
181261
181593
119718
119720
119966
149083
144596
83640
159366
168893
109673
153010
81293
163989
96139
176969
176952
168901
181739
182383
154766
181261
181593
153621
136659
158636
158221
173201
181498
152156
181908
142479
146431
146812
146816
146817
140778
141124
154836
155292
151123
152133
149673
149710
152924
152931
149317
165146
164872
166342
170322
139200
138145
138169
162655
162704
157374
157845
158076
163357
163729
159699
164442
164444
81311
55450
57840
49925
49930
57196
57238
57251
57258
57313
45125
45471
34698
44050
41115
41170
41246
41298
41304
41313
41472
41475
41477
41491
41512
41523
41601
32393
33787
31400
29350
29375
29395
29452
29482
29492
29507
29526
29529
29790
29791
53237
57244
55021
61595
66465
41954
131120
162242
143727
151071
150553
74337
50873
49893
81293
150379
150380
154293
147831
147841
138450
134062
157183
160513
160520
164066
158058
168779
168780
168300
169708
145405
145407
145543
145545
156548
168885
168891
166247
166307
154022
156111
158464
143042
162582
151727
151823
141040
150513
154668
181590
164871
154295
154334
182484
152603
166288
166263
151844
138798
138847
133190
137596
100985
110546
105721
64232
87528
41957
152562
152838
151820
151930
147906
164636
164666
163418
163421
159393
144800
145454
141965
164693
174942
171490
157939
104474
119645
101832
93270
93177
118198
118251
119574
120045
99758
31722
143707
146904
99991
95986
96715
73015
158172
22472
160432
172192
177069
163323
95624
155824
161026
139381
139920
137665
137666
138073
138384
140747
141125
141126
141127
141454
144390
146093
146550
146815
142400
142453
109622
164861
169961
126170
161355
162165
135243
64104
96870
41396
155155
156788
161943
134103
150388
150393
139335
139376
155090
159727
168848
162634
177408
166282
150759
150790
150815
173925
105646
110469
110509
83970
121585
63932
65543
81313
69851
79013
178818
182069
179783
181963
182032
94267
94283
168291
167925
12319
162127
63914
173774
179823
121092
163091
83573
500886
500793
131120
104471
93169
119401
171650
156871
164385
177907
173936
175090
175088
182699
182710
125763
150659
138286
63837
89067
81697
166419
58720
158731
158743
158752
158753
158758
158792
159158
161752
163072
143727
140379
93293
90186
74337
143090
73283
177072
174618
33247
109572
118749
120075
106901
31991
105481
137594
137596
100985
801016
118198
118251
151071
150553
170303
164842
165134
173042
173314
173321
149663
150117
152552
152975
148114
148118
148120
148569
151142
149028
144376
144412
144557
142643
140587
138142
138144
139293
139772
135684
136038
133024
133484
162913
161967
163694
157455
157313
157346
89070
174256
89773
155211
136475
135773
106786
155365
173452
154048
144280
171968
165115
165158
176963
176967
99991
63091
801240
801297
155662
156185
97432
801272
95624
113953
127758
52687
99232
150536
119454
119552
121301
146967
136787
95294
93275